{
  "stats": {
    "suites": 1,
    "tests": 5,
    "passes": 5,
    "pending": 0,
    "failures": 0,
    "start": "2025-03-24T03:35:21.958Z",
    "end": "2025-03-24T03:35:40.292Z",
    "duration": 18334,
    "testsRegistered": 5,
    "passPercent": 100,
    "pendingPercent": 0,
    "other": 0,
    "hasOther": false,
    "skipped": 0,
    "hasSkipped": false
  },
  "results": [
    {
      "uuid": "df99929f-79e7-4f1a-924e-09baa8fa472a",
      "title": "",
      "fullFile": "cypress\\e2e\\buscarProduto.cy.js",
      "file": "cypress\\e2e\\buscarProduto.cy.js",
      "beforeHooks": [],
      "afterHooks": [],
      "tests": [],
      "suites": [
        {
          "uuid": "e717d793-febf-4b1b-b8e9-dfe395615e0b",
          "title": "Buscar Produto",
          "fullFile": "",
          "file": "",
          "beforeHooks": [],
          "afterHooks": [],
          "tests": [
            {
              "title": "Busca por palavras-chave clicando no botão de lupa",
              "fullTitle": "Buscar Produto Busca por palavras-chave clicando no botão de lupa",
              "timedOut": null,
              "duration": 5382,
              "state": "passed",
              "speed": "medium",
              "pass": true,
              "fail": false,
              "pending": false,
              "context": null,
              "code": "cy.buscarProdutoComLupa('iPhone 12');\ncy.origin('https://lista.mercadolivre.com.br/', () => {\n  cy.url().should('contains', '/iphone-12');\n  cy.get('h3.poly-component__title-wrapper').should('be.visible').first().should('include.text', 'iPhone');\n});",
              "err": {},
              "uuid": "a2f16416-e62f-4018-b8cc-d672c61bedbb",
              "parentUUID": "e717d793-febf-4b1b-b8e9-dfe395615e0b",
              "isHook": false,
              "skipped": false
            },
            {
              "title": "Busca por palavras-chave pressionando a tecla “Enter”",
              "fullTitle": "Buscar Produto Busca por palavras-chave pressionando a tecla “Enter”",
              "timedOut": null,
              "duration": 2718,
              "state": "passed",
              "speed": "fast",
              "pass": true,
              "fail": false,
              "pending": false,
              "context": null,
              "code": "cy.buscarProdutoComEnter('iPhone');\ncy.origin('https://lista.mercadolivre.com.br/', () => {\n  cy.url().should('contains', '/iphone-12');\n  cy.get('h3.poly-component__title-wrapper').should('be.visible').first().should('include.text', 'iPhone');\n});",
              "err": {},
              "uuid": "2d662812-6d7d-431e-890d-c87ab3da60eb",
              "parentUUID": "e717d793-febf-4b1b-b8e9-dfe395615e0b",
              "isHook": false,
              "skipped": false
            },
            {
              "title": "Busca por palavras-chave com erro de digitação",
              "fullTitle": "Buscar Produto Busca por palavras-chave com erro de digitação",
              "timedOut": null,
              "duration": 3463,
              "state": "passed",
              "speed": "fast",
              "pass": true,
              "fail": false,
              "pending": false,
              "context": null,
              "code": "cy.buscarComErroDigitacao('ipone');\ncy.origin('https://lista.mercadolivre.com.br/', () => {\n  cy.url().should('contains', '/ipone-12');\n  cy.get('h3.poly-component__title-wrapper').should('be.visible').first().should('include.text', 'iPhone');\n});",
              "err": {},
              "uuid": "b9e14270-edbe-4115-af6a-594f330cd7ba",
              "parentUUID": "e717d793-febf-4b1b-b8e9-dfe395615e0b",
              "isHook": false,
              "skipped": false
            },
            {
              "title": "Os produtos relacionados à busca por palavras-chave devem ser exibidos por ordem de relevância",
              "fullTitle": "Buscar Produto Os produtos relacionados à busca por palavras-chave devem ser exibidos por ordem de relevância",
              "timedOut": null,
              "duration": 2748,
              "state": "passed",
              "speed": "fast",
              "pass": true,
              "fail": false,
              "pending": false,
              "context": null,
              "code": "cy.buscarProdutoComEnter();\ncy.origin('https://lista.mercadolivre.com.br/', () => {\n  cy.url().should('contains', '/iphone-12');\n  cy.get('h3.poly-component__title-wrapper').should('be.visible').first().should('include.text', 'iPhone');\n  cy.get('span[id=\":R2m55ie:-label\"]').should('have.text', 'Mais relevantes');\n});",
              "err": {},
              "uuid": "83ceaed8-54fe-4b40-9063-5477fbf86104",
              "parentUUID": "e717d793-febf-4b1b-b8e9-dfe395615e0b",
              "isHook": false,
              "skipped": false
            },
            {
              "title": "O produto relacionado à busca por palavras-chave deve conter o valor",
              "fullTitle": "Buscar Produto O produto relacionado à busca por palavras-chave deve conter o valor",
              "timedOut": null,
              "duration": 2680,
              "state": "passed",
              "speed": "fast",
              "pass": true,
              "fail": false,
              "pending": false,
              "context": null,
              "code": "cy.buscarProdutoComEnter();\ncy.origin('https://lista.mercadolivre.com.br/', () => {\n  cy.url().should('contains', '/iphone-12');\n  cy.get('h3.poly-component__title-wrapper').should('be.visible').first().should('include.text', 'iPhone');\n  cy.get('.andes-money-amount__fraction').eq(1).invoke('text').should('not.be.empty').should('match', /^-?\\d+(\\.\\d+)?$/);\n});",
              "err": {},
              "uuid": "db9581b2-355c-4c48-872b-36f9488d4772",
              "parentUUID": "e717d793-febf-4b1b-b8e9-dfe395615e0b",
              "isHook": false,
              "skipped": false
            }
          ],
          "suites": [],
          "passes": [
            "a2f16416-e62f-4018-b8cc-d672c61bedbb",
            "2d662812-6d7d-431e-890d-c87ab3da60eb",
            "b9e14270-edbe-4115-af6a-594f330cd7ba",
            "83ceaed8-54fe-4b40-9063-5477fbf86104",
            "db9581b2-355c-4c48-872b-36f9488d4772"
          ],
          "failures": [],
          "pending": [],
          "skipped": [],
          "duration": 16991,
          "root": false,
          "rootEmpty": false,
          "_timeout": 2000
        }
      ],
      "passes": [],
      "failures": [],
      "pending": [],
      "skipped": [],
      "duration": 0,
      "root": true,
      "rootEmpty": true,
      "_timeout": 2000
    }
  ],
  "meta": {
    "mocha": {
      "version": "7.0.1"
    },
    "mochawesome": {
      "options": {
        "quiet": false,
        "reportFilename": "mochawesome",
        "saveHtml": true,
        "saveJson": true,
        "consoleReporter": "spec",
        "useInlineDiffs": false,
        "code": true
      },
      "version": "7.1.3"
    },
    "marge": {
      "options": {
        "id": "default",
        "reportDir": "cypress/reports",
        "overwrite": true,
        "html": true,
        "json": true
      },
      "version": "6.2.0"
    }
  }
}