{
  "stats": {
    "suites": 1,
    "tests": 5,
    "passes": 5,
    "pending": 0,
    "failures": 0,
    "start": "2025-03-24T05:02:38.506Z",
    "end": "2025-03-24T05:02:59.559Z",
    "duration": 21053,
    "testsRegistered": 5,
    "passPercent": 100,
    "pendingPercent": 0,
    "other": 0,
    "hasOther": false,
    "skipped": 0,
    "hasSkipped": false
  },
  "results": [
    {
      "uuid": "a2aae7b1-7034-4197-9be5-f3b3290b8d49",
      "title": "",
      "fullFile": "cypress\\e2e\\buscarProduto.cy.js",
      "file": "cypress\\e2e\\buscarProduto.cy.js",
      "beforeHooks": [],
      "afterHooks": [],
      "tests": [],
      "suites": [
        {
          "uuid": "fa5d4965-2277-4485-b74d-fbd64207fd66",
          "title": "Buscar Produto",
          "fullFile": "",
          "file": "",
          "beforeHooks": [],
          "afterHooks": [],
          "tests": [
            {
              "title": "Busca por palavras-chave clicando no botão de lupa",
              "fullTitle": "Buscar Produto Busca por palavras-chave clicando no botão de lupa",
              "timedOut": null,
              "duration": 5623,
              "state": "passed",
              "speed": "medium",
              "pass": true,
              "fail": false,
              "pending": false,
              "context": null,
              "code": "cy.buscarProdutoComLupa('iPhone 12');\ncy.origin('https://lista.mercadolivre.com.br/', () => {\n  cy.url().should('contains', '/iphone-12');\n  cy.get('h3.poly-component__title-wrapper').should('be.visible').first().should('include.text', 'iPhone');\n});",
              "err": {},
              "uuid": "bfd242bd-edf2-437b-b23b-f76110976248",
              "parentUUID": "fa5d4965-2277-4485-b74d-fbd64207fd66",
              "isHook": false,
              "skipped": false
            },
            {
              "title": "Busca por palavras-chave pressionando a tecla “Enter”",
              "fullTitle": "Buscar Produto Busca por palavras-chave pressionando a tecla “Enter”",
              "timedOut": null,
              "duration": 3110,
              "state": "passed",
              "speed": "fast",
              "pass": true,
              "fail": false,
              "pending": false,
              "context": null,
              "code": "cy.buscarProdutoComEnter('iPhone 12');\ncy.origin('https://lista.mercadolivre.com.br/', () => {\n  cy.url().should('contains', '/iphone-12');\n  cy.get('h3.poly-component__title-wrapper').should('be.visible').first().should('include.text', 'iPhone');\n});",
              "err": {},
              "uuid": "44962488-9d3e-40e8-baa9-fd1a08051a9d",
              "parentUUID": "fa5d4965-2277-4485-b74d-fbd64207fd66",
              "isHook": false,
              "skipped": false
            },
            {
              "title": "Busca por palavras-chave com erro de digitação",
              "fullTitle": "Buscar Produto Busca por palavras-chave com erro de digitação",
              "timedOut": null,
              "duration": 4398,
              "state": "passed",
              "speed": "fast",
              "pass": true,
              "fail": false,
              "pending": false,
              "context": null,
              "code": "cy.buscarComErroDigitacao('ipone 12');\ncy.origin('https://lista.mercadolivre.com.br/', () => {\n  cy.url().should('contains', '/ipone-12');\n  cy.get('h3.poly-component__title-wrapper').should('be.visible').first().should('include.text', 'iPhone');\n});",
              "err": {},
              "uuid": "b6db92fe-0b3c-4b90-86b1-a07cf1e05e16",
              "parentUUID": "fa5d4965-2277-4485-b74d-fbd64207fd66",
              "isHook": false,
              "skipped": false
            },
            {
              "title": "Os produtos relacionados à busca por palavras-chave devem ser exibidos por ordem de relevância",
              "fullTitle": "Buscar Produto Os produtos relacionados à busca por palavras-chave devem ser exibidos por ordem de relevância",
              "timedOut": null,
              "duration": 3340,
              "state": "passed",
              "speed": "fast",
              "pass": true,
              "fail": false,
              "pending": false,
              "context": null,
              "code": "cy.buscarProdutoComEnter('iPhone 12');\ncy.origin('https://lista.mercadolivre.com.br/', () => {\n  cy.url().should('contains', '/iphone-12');\n  cy.get('h3.poly-component__title-wrapper').should('be.visible').first().should('include.text', 'iPhone');\n  cy.get('span[id=\":R2m55ie:-label\"]').should('have.text', 'Mais relevantes');\n});",
              "err": {},
              "uuid": "d45cdfed-792e-4a40-a89b-1d5d90b640c0",
              "parentUUID": "fa5d4965-2277-4485-b74d-fbd64207fd66",
              "isHook": false,
              "skipped": false
            },
            {
              "title": "O produto relacionado à busca por palavras-chave deve conter o valor",
              "fullTitle": "Buscar Produto O produto relacionado à busca por palavras-chave deve conter o valor",
              "timedOut": null,
              "duration": 2906,
              "state": "passed",
              "speed": "fast",
              "pass": true,
              "fail": false,
              "pending": false,
              "context": null,
              "code": "cy.buscarProdutoComEnter('iPhone 12');\ncy.origin('https://lista.mercadolivre.com.br/', () => {\n  cy.url().should('contains', '/iphone-12');\n  cy.get('h3.poly-component__title-wrapper').should('be.visible').first().should('include.text', 'iPhone');\n  cy.get('.andes-money-amount__fraction').eq(1).invoke('text').should('not.be.empty').should('match', /^-?\\d+(\\.\\d+)?$/);\n});",
              "err": {},
              "uuid": "a052a065-a64e-450a-b2f6-7f68749e5b78",
              "parentUUID": "fa5d4965-2277-4485-b74d-fbd64207fd66",
              "isHook": false,
              "skipped": false
            }
          ],
          "suites": [],
          "passes": [
            "bfd242bd-edf2-437b-b23b-f76110976248",
            "44962488-9d3e-40e8-baa9-fd1a08051a9d",
            "b6db92fe-0b3c-4b90-86b1-a07cf1e05e16",
            "d45cdfed-792e-4a40-a89b-1d5d90b640c0",
            "a052a065-a64e-450a-b2f6-7f68749e5b78"
          ],
          "failures": [],
          "pending": [],
          "skipped": [],
          "duration": 19377,
          "root": false,
          "rootEmpty": false,
          "_timeout": 2000
        }
      ],
      "passes": [],
      "failures": [],
      "pending": [],
      "skipped": [],
      "duration": 0,
      "root": true,
      "rootEmpty": true,
      "_timeout": 2000
    }
  ],
  "meta": {
    "mocha": {
      "version": "7.0.1"
    },
    "mochawesome": {
      "options": {
        "quiet": false,
        "reportFilename": "relatorio-final-testes",
        "saveHtml": true,
        "saveJson": true,
        "consoleReporter": "spec",
        "useInlineDiffs": false,
        "code": true
      },
      "version": "7.1.3"
    },
    "marge": {
      "options": {
        "reportDir": "cypress/reports",
        "reportFilename": "relatorio-final-testes",
        "overwrite": true,
        "html": true,
        "json": true
      },
      "version": "6.2.0"
    }
  }
}