{
  "stats": {
    "suites": 1,
    "tests": 5,
    "passes": 5,
    "pending": 0,
    "failures": 0,
    "start": "2025-03-24T04:29:01.745Z",
    "end": "2025-03-24T04:29:22.001Z",
    "duration": 20256,
    "testsRegistered": 5,
    "passPercent": 100,
    "pendingPercent": 0,
    "other": 0,
    "hasOther": false,
    "skipped": 0,
    "hasSkipped": false
  },
  "results": [
    {
      "uuid": "2c92fe55-6a07-49b7-ab16-61e58ad6057b",
      "title": "",
      "fullFile": "cypress\\e2e\\buscarProduto.cy.js",
      "file": "cypress\\e2e\\buscarProduto.cy.js",
      "beforeHooks": [],
      "afterHooks": [],
      "tests": [],
      "suites": [
        {
          "uuid": "7cfd9e47-2f76-406e-a84e-d5b8a44d7a42",
          "title": "Buscar Produto",
          "fullFile": "",
          "file": "",
          "beforeHooks": [],
          "afterHooks": [],
          "tests": [
            {
              "title": "Busca por palavras-chave clicando no botão de lupa",
              "fullTitle": "Buscar Produto Busca por palavras-chave clicando no botão de lupa",
              "timedOut": null,
              "duration": 5645,
              "state": "passed",
              "speed": "medium",
              "pass": true,
              "fail": false,
              "pending": false,
              "context": null,
              "code": "cy.buscarProdutoComLupa('iPhone 12');\ncy.origin('https://lista.mercadolivre.com.br/', () => {\n  cy.url().should('contains', '/iphone-12');\n  cy.get('h3.poly-component__title-wrapper').should('be.visible').first().should('include.text', 'iPhone');\n});",
              "err": {},
              "uuid": "84c55ffe-b0bc-4b73-bf10-cbb35512f7d1",
              "parentUUID": "7cfd9e47-2f76-406e-a84e-d5b8a44d7a42",
              "isHook": false,
              "skipped": false
            },
            {
              "title": "Busca por palavras-chave pressionando a tecla “Enter”",
              "fullTitle": "Buscar Produto Busca por palavras-chave pressionando a tecla “Enter”",
              "timedOut": null,
              "duration": 3086,
              "state": "passed",
              "speed": "fast",
              "pass": true,
              "fail": false,
              "pending": false,
              "context": null,
              "code": "cy.buscarProdutoComEnter('iPhone');\ncy.origin('https://lista.mercadolivre.com.br/', () => {\n  cy.url().should('contains', '/iphone-12');\n  cy.get('h3.poly-component__title-wrapper').should('be.visible').first().should('include.text', 'iPhone');\n});",
              "err": {},
              "uuid": "a63410ef-bc4a-4597-8874-f2b9a08776dd",
              "parentUUID": "7cfd9e47-2f76-406e-a84e-d5b8a44d7a42",
              "isHook": false,
              "skipped": false
            },
            {
              "title": "Busca por palavras-chave com erro de digitação",
              "fullTitle": "Buscar Produto Busca por palavras-chave com erro de digitação",
              "timedOut": null,
              "duration": 3513,
              "state": "passed",
              "speed": "fast",
              "pass": true,
              "fail": false,
              "pending": false,
              "context": null,
              "code": "cy.buscarComErroDigitacao('ipone');\ncy.origin('https://lista.mercadolivre.com.br/', () => {\n  cy.url().should('contains', '/ipone-12');\n  cy.get('h3.poly-component__title-wrapper').should('be.visible').first().should('include.text', 'iPhone');\n});",
              "err": {},
              "uuid": "a330d3af-7140-44c9-b1c7-2b8988052c76",
              "parentUUID": "7cfd9e47-2f76-406e-a84e-d5b8a44d7a42",
              "isHook": false,
              "skipped": false
            },
            {
              "title": "Os produtos relacionados à busca por palavras-chave devem ser exibidos por ordem de relevância",
              "fullTitle": "Buscar Produto Os produtos relacionados à busca por palavras-chave devem ser exibidos por ordem de relevância",
              "timedOut": null,
              "duration": 2836,
              "state": "passed",
              "speed": "fast",
              "pass": true,
              "fail": false,
              "pending": false,
              "context": null,
              "code": "cy.buscarProdutoComEnter();\ncy.origin('https://lista.mercadolivre.com.br/', () => {\n  cy.url().should('contains', '/iphone-12');\n  cy.get('h3.poly-component__title-wrapper').should('be.visible').first().should('include.text', 'iPhone');\n  cy.get('span[id=\":R2m55ie:-label\"]').should('have.text', 'Mais relevantes');\n});",
              "err": {},
              "uuid": "ee03cf77-c30f-4c2a-86f6-0513670bdd9d",
              "parentUUID": "7cfd9e47-2f76-406e-a84e-d5b8a44d7a42",
              "isHook": false,
              "skipped": false
            },
            {
              "title": "O produto relacionado à busca por palavras-chave deve conter o valor",
              "fullTitle": "Buscar Produto O produto relacionado à busca por palavras-chave deve conter o valor",
              "timedOut": null,
              "duration": 3198,
              "state": "passed",
              "speed": "fast",
              "pass": true,
              "fail": false,
              "pending": false,
              "context": null,
              "code": "cy.buscarProdutoComEnter();\ncy.origin('https://lista.mercadolivre.com.br/', () => {\n  cy.url().should('contains', '/iphone-12');\n  cy.get('h3.poly-component__title-wrapper').should('be.visible').first().should('include.text', 'iPhone');\n  cy.get('.andes-money-amount__fraction').eq(1).invoke('text').should('not.be.empty').should('match', /^-?\\d+(\\.\\d+)?$/);\n});",
              "err": {},
              "uuid": "cf27011f-ed59-4a7c-972c-4730aa601099",
              "parentUUID": "7cfd9e47-2f76-406e-a84e-d5b8a44d7a42",
              "isHook": false,
              "skipped": false
            }
          ],
          "suites": [],
          "passes": [
            "84c55ffe-b0bc-4b73-bf10-cbb35512f7d1",
            "a63410ef-bc4a-4597-8874-f2b9a08776dd",
            "a330d3af-7140-44c9-b1c7-2b8988052c76",
            "ee03cf77-c30f-4c2a-86f6-0513670bdd9d",
            "cf27011f-ed59-4a7c-972c-4730aa601099"
          ],
          "failures": [],
          "pending": [],
          "skipped": [],
          "duration": 18278,
          "root": false,
          "rootEmpty": false,
          "_timeout": 2000
        }
      ],
      "passes": [],
      "failures": [],
      "pending": [],
      "skipped": [],
      "duration": 0,
      "root": true,
      "rootEmpty": true,
      "_timeout": 2000
    }
  ],
  "meta": {
    "mocha": {
      "version": "7.0.1"
    },
    "mochawesome": {
      "options": {
        "quiet": false,
        "reportFilename": "relatorio-final-testes",
        "saveHtml": true,
        "saveJson": true,
        "consoleReporter": "spec",
        "useInlineDiffs": false,
        "code": true
      },
      "version": "7.1.3"
    },
    "marge": {
      "options": {
        "reportDir": "cypress/reports",
        "reportFilename": "relatorio-final-testes",
        "overwrite": true,
        "html": true,
        "json": true
      },
      "version": "6.2.0"
    }
  }
}